0 info it worked if it ends with ok
1 verbose cli [ '/usr/bin/nodejs', '/usr/bin/npm', 'install', 'roslibjs' ]
2 info using npm@3.5.2
3 info using node@v4.2.6
4 silly loadCurrentTree Starting
5 silly install loadCurrentTree
6 silly install readLocalPackageData
7 silly fetchPackageMetaData roslibjs
8 silly fetchNamedPackageData roslibjs
9 silly mapToRegistry name roslibjs
10 silly mapToRegistry using default registry
11 silly mapToRegistry registry https://registry.npmjs.org/
12 silly mapToRegistry uri https://registry.npmjs.org/roslibjs
13 verbose request uri https://registry.npmjs.org/roslibjs
14 verbose request no auth needed
15 info attempt registry request try #1 at 2:05:36 PM
16 verbose request id 20d1a233ab972c12
17 verbose etag W/"d44f6eeaf591022b630e06c8fa68a573"
18 verbose lastModified Sun, 27 May 2018 16:17:04 GMT
19 http request GET https://registry.npmjs.org/roslibjs
20 http 304 https://registry.npmjs.org/roslibjs
21 verbose headers { date: 'Tue, 31 Jul 2018 21:05:37 GMT',
21 verbose headers   connection: 'keep-alive',
21 verbose headers   'set-cookie': [ '__cfduid=da9c13d341910b64ba39b6e596ed1afeb1533071137; expires=Wed, 31-Jul-19 21:05:37 GMT; path=/; domain=.registry.npmjs.org; HttpOnly' ],
21 verbose headers   'cache-control': 'max-age=300',
21 verbose headers   'cf-cache-status': 'REVALIDATED',
21 verbose headers   'cf-ray': '4433062fccb59997-LAX',
21 verbose headers   etag: '"d44f6eeaf591022b630e06c8fa68a573"',
21 verbose headers   'expect-ct': 'max-age=604800, report-uri="https://report-uri.cloudflare.com/cdn-cgi/beacon/expect-ct"',
21 verbose headers   'last-modified': 'Sun, 27 May 2018 16:17:04 GMT',
21 verbose headers   vary: 'accept-encoding, accept',
21 verbose headers   server: 'cloudflare' }
22 silly get cb [ 304,
22 silly get   { date: 'Tue, 31 Jul 2018 21:05:37 GMT',
22 silly get     connection: 'keep-alive',
22 silly get     'set-cookie': [ '__cfduid=da9c13d341910b64ba39b6e596ed1afeb1533071137; expires=Wed, 31-Jul-19 21:05:37 GMT; path=/; domain=.registry.npmjs.org; HttpOnly' ],
22 silly get     'cache-control': 'max-age=300',
22 silly get     'cf-cache-status': 'REVALIDATED',
22 silly get     'cf-ray': '4433062fccb59997-LAX',
22 silly get     etag: '"d44f6eeaf591022b630e06c8fa68a573"',
22 silly get     'expect-ct': 'max-age=604800, report-uri="https://report-uri.cloudflare.com/cdn-cgi/beacon/expect-ct"',
22 silly get     'last-modified': 'Sun, 27 May 2018 16:17:04 GMT',
22 silly get     vary: 'accept-encoding, accept',
22 silly get     server: 'cloudflare' } ]
23 verbose etag https://registry.npmjs.org/roslibjs from cache
24 verbose get saving roslibjs to /home/gabriel/.npm/registry.npmjs.org/roslibjs/.cache.json
25 verbose stack TypeError: Cannot convert undefined or null to object
25 verbose stack     at Function.keys (native)
25 verbose stack     at pickVersionFromRegistryDocument (/usr/share/npm/lib/fetch-package-metadata.js:121:29)
25 verbose stack     at /usr/share/npm/node_modules/iferr/index.js:13:50
25 verbose stack     at /usr/share/npm/lib/utils/pulse-till-done.js:19:8
25 verbose stack     at saved (/usr/share/npm/lib/cache/caching-client.js:168:7)
25 verbose stack     at /usr/share/npm/node_modules/graceful-fs/polyfills.js:210:7
25 verbose stack     at FSReqWrap.oncomplete (fs.js:82:15)
26 verbose cwd /home/gabriel/polaris/ros/src
27 error Linux 4.13.0-45-generic
28 error argv "/usr/bin/nodejs" "/usr/bin/npm" "install" "roslibjs"
29 error node v4.2.6
30 error npm  v3.5.2
31 error Cannot convert undefined or null to object
32 error If you need help, you may report this error at:
32 error     <https://github.com/npm/npm/issues>
33 verbose exit [ 1, true ]
